<?xml version="1.0" encoding="UTF-8"?>
<testsuite name="com.phonebook.tests.CreateAccountTests" tests="1" skipped="0" failures="0" errors="0" timestamp="2025-09-16T08:18:34" hostname="MSI-PC" time="0.844">
  <properties/>
  <testcase name="existetUserRegistrationNegative" classname="com.phonebook.tests.CreateAccountTests" time="0.844"/>
  <system-out><![CDATA[]]></system-out>
  <system-err><![CDATA[]]></system-err>
</testsuite>
